# JRE version: OpenJDK Runtime Environment Temurin-17.0.11+9 (17.0.11+9) (build 17.0.11+9)
# Java VM: OpenJDK 64-Bit Server VM Temurin-17.0.11+9 (17.0.11+9, mixed mode, tiered, compressed oops, compressed class ptrs, parallel gc, windows-amd64)
GC Precious Log:
 CPUs: 8 total, 8 available
 Memory: 6020M
 Large Page Support: Disabled
 NUMA Support: Disabled
 Compressed Oops: Enabled (32-bit)
 Alignments: Space 512K, Generation 512K, Heap 2M
 Heap Min Capacity: 100M
 Heap Initial Capacity: 100M
 Heap Max Capacity: 1G
 Pre-touch: Disabled
 Parallel Workers: 8
Heap:
 PSYoungGen      total 4096K, used 2980K [0x00000000eab00000, 0x00000000eb280000, 0x0000000100000000)
  eden space 3072K, 72% used [0x00000000eab00000,0x00000000ead2d160,0x00000000eae00000)
  from space 1024K, 73% used [0x00000000eae00000,0x00000000eaebc010,0x00000000eaf00000)
  to   space 1536K, 0% used [0x00000000eb100000,0x00000000eb100000,0x00000000eb280000)
 ParOldGen       total 122880K, used 113944K [0x00000000c0000000, 0x00000000c7800000, 0x00000000eab00000)
  object space 122880K, 92% used [0x00000000c0000000,0x00000000c6f46148,0x00000000c7800000)
 Metaspace       used 82325K, committed 83776K, reserved 1179648K
  class space    used 8797K, committed 9408K, reserved 1048576K
GC Heap History (20 events):
Event: 636.664 GC heap before
{Heap before GC invocations=159 (full 9):
 PSYoungGen      total 3584K, used 3184K [0x00000000eab00000, 0x00000000eaf80000, 0x0000000100000000)
  eden space 2560K, 100% used [0x00000000eab00000,0x00000000ead80000,0x00000000ead80000)
  from space 1024K, 60% used [0x00000000ead80000,0x00000000eae1c010,0x00000000eae80000)
  to   space 1024K, 0% used [0x00000000eae80000,0x00000000eae80000,0x00000000eaf80000)
 ParOldGen       total 122880K, used 102485K [0x00000000c0000000, 0x00000000c7800000, 0x00000000eab00000)
  object space 122880K, 83% used [0x00000000c0000000,0x00000000c64157e8,0x00000000c7800000)
 Metaspace       used 82172K, committed 83584K, reserved 1179648K
  class space    used 8790K, committed 9408K, reserved 1048576K
}
Event: 636.665 GC heap after
{Heap after GC invocations=159 (full 9):
 PSYoungGen      total 3584K, used 160K [0x00000000eab00000, 0x00000000eaf00000, 0x0000000100000000)
  eden space 3072K, 0% used [0x00000000eab00000,0x00000000eab00000,0x00000000eae00000)
  from space 512K, 31% used [0x00000000eae80000,0x00000000eaea8000,0x00000000eaf00000)
  to   space 512K, 0% used [0x00000000eae00000,0x00000000eae00000,0x00000000eae80000)
 ParOldGen       total 122880K, used 102701K [0x00000000c0000000, 0x00000000c7800000, 0x00000000eab00000)
  object space 122880K, 83% used [0x00000000c0000000,0x00000000c644b7e8,0x00000000c7800000)
 Metaspace       used 82172K, committed 83584K, reserved 1179648K
  class space    used 8790K, committed 9408K, reserved 1048576K
}
Event: 638.348 GC heap before
{Heap before GC invocations=160 (full 9):
 PSYoungGen      total 3584K, used 3232K [0x00000000eab00000, 0x00000000eaf00000, 0x0000000100000000)
  eden space 3072K, 100% used [0x00000000eab00000,0x00000000eae00000,0x00000000eae00000)
  from space 512K, 31% used [0x00000000eae80000,0x00000000eaea8000,0x00000000eaf00000)
  to   space 512K, 0% used [0x00000000eae00000,0x00000000eae00000,0x00000000eae80000)
 ParOldGen       total 122880K, used 102701K [0x00000000c0000000, 0x00000000c7800000, 0x00000000eab00000)
  object space 122880K, 83% used [0x00000000c0000000,0x00000000c644b7e8,0x00000000c7800000)
 Metaspace       used 82175K, committed 83584K, reserved 1179648K
  class space    used 8790K, committed 9408K, reserved 1048576K
}
Event: 638.350 GC heap after
{Heap after GC invocations=160 (full 9):
 PSYoungGen      total 3584K, used 320K [0x00000000eab00000, 0x00000000eaf00000, 0x0000000100000000)
  eden space 3072K, 0% used [0x00000000eab00000,0x00000000eab00000,0x00000000eae00000)
  from space 512K, 62% used [0x00000000eae00000,0x00000000eae50020,0x00000000eae80000)
  to   space 512K, 0% used [0x00000000eae80000,0x00000000eae80000,0x00000000eaf00000)
 ParOldGen       total 122880K, used 102749K [0x00000000c0000000, 0x00000000c7800000, 0x00000000eab00000)
  object space 122880K, 83% used [0x00000000c0000000,0x00000000c64577e8,0x00000000c7800000)
 Metaspace       used 82175K, committed 83584K, reserved 1179648K
  class space    used 8790K, committed 9408K, reserved 1048576K
}
Event: 651.964 GC heap before
{Heap before GC invocations=161 (full 9):
 PSYoungGen      total 3584K, used 3136K [0x00000000eab00000, 0x00000000eaf00000, 0x0000000100000000)
  eden space 3072K, 91% used [0x00000000eab00000,0x00000000eadc0168,0x00000000eae00000)
  from space 512K, 62% used [0x00000000eae00000,0x00000000eae50020,0x00000000eae80000)
  to   space 512K, 0% used [0x00000000eae80000,0x00000000eae80000,0x00000000eaf00000)
 ParOldGen       total 122880K, used 102749K [0x00000000c0000000, 0x00000000c7800000, 0x00000000eab00000)
  object space 122880K, 83% used [0x00000000c0000000,0x00000000c64577e8,0x00000000c7800000)
 Metaspace       used 82189K, committed 83648K, reserved 1179648K
  class space    used 8791K, committed 9408K, reserved 1048576K
}
Event: 651.965 GC heap after
{Heap after GC invocations=161 (full 9):
 PSYoungGen      total 3584K, used 288K [0x00000000eab00000, 0x00000000eaf00000, 0x0000000100000000)
  eden space 3072K, 0% used [0x00000000eab00000,0x00000000eab00000,0x00000000eae00000)
  from space 512K, 56% used [0x00000000eae80000,0x00000000eaec8020,0x00000000eaf00000)
  to   space 512K, 0% used [0x00000000eae00000,0x00000000eae00000,0x00000000eae80000)
 ParOldGen       total 122880K, used 102773K [0x00000000c0000000, 0x00000000c7800000, 0x00000000eab00000)
  object space 122880K, 83% used [0x00000000c0000000,0x00000000c645d7e8,0x00000000c7800000)
 Metaspace       used 82189K, committed 83648K, reserved 1179648K
  class space    used 8791K, committed 9408K, reserved 1048576K
}
Event: 653.774 GC heap before
{Heap before GC invocations=162 (full 9):
 PSYoungGen      total 3584K, used 3360K [0x00000000eab00000, 0x00000000eaf00000, 0x0000000100000000)
  eden space 3072K, 100% used [0x00000000eab00000,0x00000000eae00000,0x00000000eae00000)
  from space 512K, 56% used [0x00000000eae80000,0x00000000eaec8020,0x00000000eaf00000)
  to   space 512K, 0% used [0x00000000eae00000,0x00000000eae00000,0x00000000eae80000)
 ParOldGen       total 122880K, used 102773K [0x00000000c0000000, 0x00000000c7800000, 0x00000000eab00000)
  object space 122880K, 83% used [0x00000000c0000000,0x00000000c645d7e8,0x00000000c7800000)
 Metaspace       used 82236K, committed 83712K, reserved 1179648K
  class space    used 8796K, committed 9408K, reserved 1048576K
}
Event: 653.775 GC heap after
{Heap after GC invocations=162 (full 9):
 PSYoungGen      total 3584K, used 224K [0x00000000eab00000, 0x00000000eaf00000, 0x0000000100000000)
  eden space 3072K, 0% used [0x00000000eab00000,0x00000000eab00000,0x00000000eae00000)
  from space 512K, 43% used [0x00000000eae00000,0x00000000eae38000,0x00000000eae80000)
  to   space 512K, 0% used [0x00000000eae80000,0x00000000eae80000,0x00000000eaf00000)
 ParOldGen       total 122880K, used 102886K [0x00000000c0000000, 0x00000000c7800000, 0x00000000eab00000)
  object space 122880K, 83% used [0x00000000c0000000,0x00000000c6479808,0x00000000c7800000)
 Metaspace       used 82236K, committed 83712K, reserved 1179648K
  class space    used 8796K, committed 9408K, reserved 1048576K
}
Event: 654.074 GC heap before
{Heap before GC invocations=163 (full 9):
 PSYoungGen      total 3584K, used 3296K [0x00000000eab00000, 0x00000000eaf00000, 0x0000000100000000)
  eden space 3072K, 100% used [0x00000000eab00000,0x00000000eae00000,0x00000000eae00000)
  from space 512K, 43% used [0x00000000eae00000,0x00000000eae38000,0x00000000eae80000)
  to   space 512K, 0% used [0x00000000eae80000,0x00000000eae80000,0x00000000eaf00000)
 ParOldGen       total 122880K, used 102886K [0x00000000c0000000, 0x00000000c7800000, 0x00000000eab00000)
  object space 122880K, 83% used [0x00000000c0000000,0x00000000c6479808,0x00000000c7800000)
 Metaspace       used 82315K, committed 83776K, reserved 1179648K
  class space    used 8797K, committed 9408K, reserved 1048576K
}
Event: 654.076 GC heap after
{Heap after GC invocations=163 (full 9):
 PSYoungGen      total 3584K, used 494K [0x00000000eab00000, 0x00000000eaf00000, 0x0000000100000000)
  eden space 3072K, 0% used [0x00000000eab00000,0x00000000eab00000,0x00000000eae00000)
  from space 512K, 96% used [0x00000000eae80000,0x00000000eaefba40,0x00000000eaf00000)
  to   space 512K, 0% used [0x00000000eae00000,0x00000000eae00000,0x00000000eae80000)
 ParOldGen       total 122880K, used 103348K [0x00000000c0000000, 0x00000000c7800000, 0x00000000eab00000)
  object space 122880K, 84% used [0x00000000c0000000,0x00000000c64ed248,0x00000000c7800000)
 Metaspace       used 82315K, committed 83776K, reserved 1179648K
  class space    used 8797K, committed 9408K, reserved 1048576K
}
Event: 654.098 GC heap before
{Heap before GC invocations=164 (full 9):
 PSYoungGen      total 3584K, used 3558K [0x00000000eab00000, 0x00000000eaf00000, 0x0000000100000000)
  eden space 3072K, 99% used [0x00000000eab00000,0x00000000eadfe0f8,0x00000000eae00000)
  from space 512K, 96% used [0x00000000eae80000,0x00000000eaefba40,0x00000000eaf00000)
  to   space 512K, 0% used [0x00000000eae00000,0x00000000eae00000,0x00000000eae80000)
 ParOldGen       total 122880K, used 103348K [0x00000000c0000000, 0x00000000c7800000, 0x00000000eab00000)
  object space 122880K, 84% used [0x00000000c0000000,0x00000000c64ed248,0x00000000c7800000)
 Metaspace       used 82315K, committed 83776K, reserved 1179648K
  class space    used 8797K, committed 9408K, reserved 1048576K
}
Event: 654.102 GC heap after
{Heap after GC invocations=164 (full 9):
 PSYoungGen      total 3584K, used 504K [0x00000000eab00000, 0x00000000eb600000, 0x0000000100000000)
  eden space 3072K, 0% used [0x00000000eab00000,0x00000000eab00000,0x00000000eae00000)
  from space 512K, 98% used [0x00000000eae00000,0x00000000eae7e150,0x00000000eae80000)
  to   space 4096K, 0% used [0x00000000eb200000,0x00000000eb200000,0x00000000eb600000)
 ParOldGen       total 122880K, used 106341K [0x00000000c0000000, 0x00000000c7800000, 0x00000000eab00000)
  object space 122880K, 86% used [0x00000000c0000000,0x00000000c67d9588,0x00000000c7800000)
 Metaspace       used 82315K, committed 83776K, reserved 1179648K
  class space    used 8797K, committed 9408K, reserved 1048576K
}
Event: 654.117 GC heap before
{Heap before GC invocations=165 (full 9):
 PSYoungGen      total 3584K, used 3576K [0x00000000eab00000, 0x00000000eb600000, 0x0000000100000000)
  eden space 3072K, 100% used [0x00000000eab00000,0x00000000eae00000,0x00000000eae00000)
  from space 512K, 98% used [0x00000000eae00000,0x00000000eae7e150,0x00000000eae80000)
  to   space 4096K, 0% used [0x00000000eb200000,0x00000000eb200000,0x00000000eb600000)
 ParOldGen       total 122880K, used 106341K [0x00000000c0000000, 0x00000000c7800000, 0x00000000eab00000)
  object space 122880K, 86% used [0x00000000c0000000,0x00000000c67d9588,0x00000000c7800000)
 Metaspace       used 82316K, committed 83776K, reserved 1179648K
  class space    used 8797K, committed 9408K, reserved 1048576K
}
Event: 654.120 GC heap after
{Heap after GC invocations=165 (full 9):
 PSYoungGen      total 6144K, used 2584K [0x00000000eab00000, 0x00000000eb500000, 0x0000000100000000)
  eden space 3072K, 0% used [0x00000000eab00000,0x00000000eab00000,0x00000000eae00000)
  from space 3072K, 84% used [0x00000000eb200000,0x00000000eb486150,0x00000000eb500000)
  to   space 3072K, 0% used [0x00000000eaf00000,0x00000000eaf00000,0x00000000eb200000)
 ParOldGen       total 122880K, used 106885K [0x00000000c0000000, 0x00000000c7800000, 0x00000000eab00000)
  object space 122880K, 86% used [0x00000000c0000000,0x00000000c68616d8,0x00000000c7800000)
 Metaspace       used 82316K, committed 83776K, reserved 1179648K
  class space    used 8797K, committed 9408K, reserved 1048576K
}
Event: 654.136 GC heap before
{Heap before GC invocations=166 (full 9):
 PSYoungGen      total 6144K, used 5656K [0x00000000eab00000, 0x00000000eb500000, 0x0000000100000000)
  eden space 3072K, 100% used [0x00000000eab00000,0x00000000eae00000,0x00000000eae00000)
  from space 3072K, 84% used [0x00000000eb200000,0x00000000eb486150,0x00000000eb500000)
  to   space 3072K, 0% used [0x00000000eaf00000,0x00000000eaf00000,0x00000000eb200000)
 ParOldGen       total 122880K, used 106885K [0x00000000c0000000, 0x00000000c7800000, 0x00000000eab00000)
  object space 122880K, 86% used [0x00000000c0000000,0x00000000c68616d8,0x00000000c7800000)
 Metaspace       used 82316K, committed 83776K, reserved 1179648K
  class space    used 8797K, committed 9408K, reserved 1048576K
}
Event: 654.142 GC heap after
{Heap after GC invocations=166 (full 9):
 PSYoungGen      total 6144K, used 3072K [0x00000000eab00000, 0x00000000eb500000, 0x0000000100000000)
  eden space 3072K, 0% used [0x00000000eab00000,0x00000000eab00000,0x00000000eae00000)
  from space 3072K, 100% used [0x00000000eaf00000,0x00000000eb200000,0x00000000eb200000)
  to   space 3072K, 0% used [0x00000000eb200000,0x00000000eb200000,0x00000000eb500000)
 ParOldGen       total 122880K, used 109398K [0x00000000c0000000, 0x00000000c7800000, 0x00000000eab00000)
  object space 122880K, 89% used [0x00000000c0000000,0x00000000c6ad5828,0x00000000c7800000)
 Metaspace       used 82316K, committed 83776K, reserved 1179648K
  class space    used 8797K, committed 9408K, reserved 1048576K
}
Event: 654.160 GC heap before
{Heap before GC invocations=167 (full 9):
 PSYoungGen      total 6144K, used 6144K [0x00000000eab00000, 0x00000000eb500000, 0x0000000100000000)
  eden space 3072K, 100% used [0x00000000eab00000,0x00000000eae00000,0x00000000eae00000)
  from space 3072K, 100% used [0x00000000eaf00000,0x00000000eb200000,0x00000000eb200000)
  to   space 3072K, 0% used [0x00000000eb200000,0x00000000eb200000,0x00000000eb500000)
 ParOldGen       total 122880K, used 109398K [0x00000000c0000000, 0x00000000c7800000, 0x00000000eab00000)
  object space 122880K, 89% used [0x00000000c0000000,0x00000000c6ad5828,0x00000000c7800000)
 Metaspace       used 82317K, committed 83776K, reserved 1179648K
  class space    used 8797K, committed 9408K, reserved 1048576K
}
Event: 654.164 GC heap after
{Heap after GC invocations=167 (full 9):
 PSYoungGen      total 6144K, used 1728K [0x00000000eab00000, 0x00000000eb500000, 0x0000000100000000)
  eden space 3072K, 0% used [0x00000000eab00000,0x00000000eab00000,0x00000000eae00000)
  from space 3072K, 56% used [0x00000000eb200000,0x00000000eb3b0020,0x00000000eb500000)
  to   space 3584K, 0% used [0x00000000eae00000,0x00000000eae00000,0x00000000eb180000)
 ParOldGen       total 122880K, used 112430K [0x00000000c0000000, 0x00000000c7800000, 0x00000000eab00000)
  object space 122880K, 91% used [0x00000000c0000000,0x00000000c6dcb828,0x00000000c7800000)
 Metaspace       used 82317K, committed 83776K, reserved 1179648K
  class space    used 8797K, committed 9408K, reserved 1048576K
}
Event: 654.236 GC heap before
{Heap before GC invocations=168 (full 9):
 PSYoungGen      total 6144K, used 4800K [0x00000000eab00000, 0x00000000eb500000, 0x0000000100000000)
  eden space 3072K, 100% used [0x00000000eab00000,0x00000000eae00000,0x00000000eae00000)
  from space 3072K, 56% used [0x00000000eb200000,0x00000000eb3b0020,0x00000000eb500000)
  to   space 3584K, 0% used [0x00000000eae00000,0x00000000eae00000,0x00000000eb180000)
 ParOldGen       total 122880K, used 112430K [0x00000000c0000000, 0x00000000c7800000, 0x00000000eab00000)
  object space 122880K, 91% used [0x00000000c0000000,0x00000000c6dcb828,0x00000000c7800000)
 Metaspace       used 82323K, committed 83776K, reserved 1179648K
  class space    used 8797K, committed 9408K, reserved 1048576K
}
Event: 654.243 GC heap after
{Heap after GC invocations=168 (full 9):
 PSYoungGen      total 4096K, used 752K [0x00000000eab00000, 0x00000000eb280000, 0x0000000100000000)
  eden space 3072K, 0% used [0x00000000eab00000,0x00000000eab00000,0x00000000eae00000)
  from space 1024K, 73% used [0x00000000eae00000,0x00000000eaebc010,0x00000000eaf00000)
  to   space 1536K, 0% used [0x00000000eb100000,0x00000000eb100000,0x00000000eb280000)
 ParOldGen       total 122880K, used 113944K [0x00000000c0000000, 0x00000000c7800000, 0x00000000eab00000)
  object space 122880K, 92% used [0x00000000c0000000,0x00000000c6f46148,0x00000000c7800000)
 Metaspace       used 82323K, committed 83776K, reserved 1179648K
  class space    used 8797K, committed 9408K, reserved 1048576K
}

