# JRE version: OpenJDK Runtime Environment Temurin-17.0.11+9 (17.0.11+9) (build 17.0.11+9)
# Java VM: OpenJDK 64-Bit Server VM Temurin-17.0.11+9 (17.0.11+9, mixed mode, tiered, compressed oops, compressed class ptrs, parallel gc, windows-amd64)
GC Precious Log:
 CPUs: 8 total, 8 available
 Memory: 6020M
 Large Page Support: Disabled
 NUMA Support: Disabled
 Compressed Oops: Enabled (32-bit)
 Alignments: Space 512K, Generation 512K, Heap 2M
 Heap Min Capacity: 100M
 Heap Initial Capacity: 100M
 Heap Max Capacity: 1G
 Pre-touch: Disabled
 Parallel Workers: 8
Heap:
 PSYoungGen      total 13312K, used 5383K [0x00000000eab00000, 0x00000000ebb80000, 0x0000000100000000)
  eden space 12288K, 35% used [0x00000000eab00000,0x00000000eaf41ed0,0x00000000eb700000)
  from space 1024K, 100% used [0x00000000eba80000,0x00000000ebb80000,0x00000000ebb80000)
  to   space 2048K, 0% used [0x00000000eb780000,0x00000000eb780000,0x00000000eb980000)
 ParOldGen       total 68608K, used 41776K [0x00000000c0000000, 0x00000000c4300000, 0x00000000eab00000)
  object space 68608K, 60% used [0x00000000c0000000,0x00000000c28cc058,0x00000000c4300000)
 Metaspace       used 67119K, committed 68416K, reserved 1114112K
  class space    used 7261K, committed 7808K, reserved 1048576K
GC Heap History (20 events):
Event: 10.230 GC heap before
{Heap before GC invocations=31 (full 3):
 PSYoungGen      total 15872K, used 12243K [0x00000000eab00000, 0x00000000ebe80000, 0x0000000100000000)
  eden space 12288K, 99% used [0x00000000eab00000,0x00000000eb6f4da0,0x00000000eb700000)
  from space 3584K, 0% used [0x00000000eb800000,0x00000000eb800000,0x00000000ebb80000)
  to   space 1536K, 0% used [0x00000000ebd00000,0x00000000ebd00000,0x00000000ebe80000)
 ParOldGen       total 68608K, used 36359K [0x00000000c0000000, 0x00000000c4300000, 0x00000000eab00000)
  object space 68608K, 52% used [0x00000000c0000000,0x00000000c2381e48,0x00000000c4300000)
 Metaspace       used 58885K, committed 60032K, reserved 1114112K
  class space    used 6424K, committed 6912K, reserved 1048576K
}
Event: 10.231 GC heap after
{Heap after GC invocations=31 (full 3):
 PSYoungGen      total 13824K, used 1509K [0x00000000eab00000, 0x00000000ebe80000, 0x0000000100000000)
  eden space 12288K, 0% used [0x00000000eab00000,0x00000000eab00000,0x00000000eb700000)
  from space 1536K, 98% used [0x00000000ebd00000,0x00000000ebe79600,0x00000000ebe80000)
  to   space 2048K, 0% used [0x00000000eba80000,0x00000000eba80000,0x00000000ebc80000)
 ParOldGen       total 68608K, used 36626K [0x00000000c0000000, 0x00000000c4300000, 0x00000000eab00000)
  object space 68608K, 53% used [0x00000000c0000000,0x00000000c23c4b20,0x00000000c4300000)
 Metaspace       used 58885K, committed 60032K, reserved 1114112K
  class space    used 6424K, committed 6912K, reserved 1048576K
}
Event: 10.299 GC heap before
{Heap before GC invocations=32 (full 3):
 PSYoungGen      total 13824K, used 13797K [0x00000000eab00000, 0x00000000ebe80000, 0x0000000100000000)
  eden space 12288K, 100% used [0x00000000eab00000,0x00000000eb700000,0x00000000eb700000)
  from space 1536K, 98% used [0x00000000ebd00000,0x00000000ebe79600,0x00000000ebe80000)
  to   space 2048K, 0% used [0x00000000eba80000,0x00000000eba80000,0x00000000ebc80000)
 ParOldGen       total 68608K, used 36626K [0x00000000c0000000, 0x00000000c4300000, 0x00000000eab00000)
  object space 68608K, 53% used [0x00000000c0000000,0x00000000c23c4b20,0x00000000c4300000)
 Metaspace       used 58899K, committed 60032K, reserved 1114112K
  class space    used 6424K, committed 6912K, reserved 1048576K
}
Event: 10.301 GC heap after
{Heap after GC invocations=32 (full 3):
 PSYoungGen      total 13312K, used 634K [0x00000000eab00000, 0x00000000ebd80000, 0x0000000100000000)
  eden space 12288K, 0% used [0x00000000eab00000,0x00000000eab00000,0x00000000eb700000)
  from space 1024K, 61% used [0x00000000eba80000,0x00000000ebb1ea70,0x00000000ebb80000)
  to   space 1536K, 0% used [0x00000000ebc00000,0x00000000ebc00000,0x00000000ebd80000)
 ParOldGen       total 68608K, used 37490K [0x00000000c0000000, 0x00000000c4300000, 0x00000000eab00000)
  object space 68608K, 54% used [0x00000000c0000000,0x00000000c249cb18,0x00000000c4300000)
 Metaspace       used 58899K, committed 60032K, reserved 1114112K
  class space    used 6424K, committed 6912K, reserved 1048576K
}
Event: 10.366 GC heap before
{Heap before GC invocations=33 (full 3):
 PSYoungGen      total 13312K, used 12922K [0x00000000eab00000, 0x00000000ebd80000, 0x0000000100000000)
  eden space 12288K, 100% used [0x00000000eab00000,0x00000000eb700000,0x00000000eb700000)
  from space 1024K, 61% used [0x00000000eba80000,0x00000000ebb1ea70,0x00000000ebb80000)
  to   space 1536K, 0% used [0x00000000ebc00000,0x00000000ebc00000,0x00000000ebd80000)
 ParOldGen       total 68608K, used 37490K [0x00000000c0000000, 0x00000000c4300000, 0x00000000eab00000)
  object space 68608K, 54% used [0x00000000c0000000,0x00000000c249cb18,0x00000000c4300000)
 Metaspace       used 59199K, committed 60416K, reserved 1114112K
  class space    used 6441K, committed 6976K, reserved 1048576K
}
Event: 10.366 GC heap after
{Heap after GC invocations=33 (full 3):
 PSYoungGen      total 12800K, used 192K [0x00000000eab00000, 0x00000000ebc80000, 0x0000000100000000)
  eden space 12288K, 0% used [0x00000000eab00000,0x00000000eab00000,0x00000000eb700000)
  from space 512K, 37% used [0x00000000ebc00000,0x00000000ebc30000,0x00000000ebc80000)
  to   space 512K, 0% used [0x00000000ebb80000,0x00000000ebb80000,0x00000000ebc00000)
 ParOldGen       total 68608K, used 37546K [0x00000000c0000000, 0x00000000c4300000, 0x00000000eab00000)
  object space 68608K, 54% used [0x00000000c0000000,0x00000000c24aab18,0x00000000c4300000)
 Metaspace       used 59199K, committed 60416K, reserved 1114112K
  class space    used 6441K, committed 6976K, reserved 1048576K
}
Event: 10.774 GC heap before
{Heap before GC invocations=34 (full 3):
 PSYoungGen      total 12800K, used 12480K [0x00000000eab00000, 0x00000000ebc80000, 0x0000000100000000)
  eden space 12288K, 100% used [0x00000000eab00000,0x00000000eb700000,0x00000000eb700000)
  from space 512K, 37% used [0x00000000ebc00000,0x00000000ebc30000,0x00000000ebc80000)
  to   space 512K, 0% used [0x00000000ebb80000,0x00000000ebb80000,0x00000000ebc00000)
 ParOldGen       total 68608K, used 37546K [0x00000000c0000000, 0x00000000c4300000, 0x00000000eab00000)
  object space 68608K, 54% used [0x00000000c0000000,0x00000000c24aab18,0x00000000c4300000)
 Metaspace       used 60823K, committed 62016K, reserved 1114112K
  class space    used 6580K, committed 7104K, reserved 1048576K
}
Event: 10.776 GC heap after
{Heap after GC invocations=34 (full 3):
 PSYoungGen      total 12800K, used 512K [0x00000000eab00000, 0x00000000ebc80000, 0x0000000100000000)
  eden space 12288K, 0% used [0x00000000eab00000,0x00000000eab00000,0x00000000eb700000)
  from space 512K, 100% used [0x00000000ebb80000,0x00000000ebc00000,0x00000000ebc00000)
  to   space 512K, 0% used [0x00000000ebc00000,0x00000000ebc00000,0x00000000ebc80000)
 ParOldGen       total 68608K, used 37767K [0x00000000c0000000, 0x00000000c4300000, 0x00000000eab00000)
  object space 68608K, 55% used [0x00000000c0000000,0x00000000c24e1fc8,0x00000000c4300000)
 Metaspace       used 60823K, committed 62016K, reserved 1114112K
  class space    used 6580K, committed 7104K, reserved 1048576K
}
Event: 11.080 GC heap before
{Heap before GC invocations=35 (full 3):
 PSYoungGen      total 12800K, used 12800K [0x00000000eab00000, 0x00000000ebc80000, 0x0000000100000000)
  eden space 12288K, 100% used [0x00000000eab00000,0x00000000eb700000,0x00000000eb700000)
  from space 512K, 100% used [0x00000000ebb80000,0x00000000ebc00000,0x00000000ebc00000)
  to   space 512K, 0% used [0x00000000ebc00000,0x00000000ebc00000,0x00000000ebc80000)
 ParOldGen       total 68608K, used 37767K [0x00000000c0000000, 0x00000000c4300000, 0x00000000eab00000)
  object space 68608K, 55% used [0x00000000c0000000,0x00000000c24e1fc8,0x00000000c4300000)
 Metaspace       used 62082K, committed 63296K, reserved 1114112K
  class space    used 6718K, committed 7232K, reserved 1048576K
}
Event: 11.083 GC heap after
{Heap after GC invocations=35 (full 3):
 PSYoungGen      total 12800K, used 512K [0x00000000eab00000, 0x00000000ebc80000, 0x0000000100000000)
  eden space 12288K, 0% used [0x00000000eab00000,0x00000000eab00000,0x00000000eb700000)
  from space 512K, 100% used [0x00000000ebc00000,0x00000000ebc80000,0x00000000ebc80000)
  to   space 1536K, 0% used [0x00000000eb980000,0x00000000eb980000,0x00000000ebb00000)
 ParOldGen       total 68608K, used 38255K [0x00000000c0000000, 0x00000000c4300000, 0x00000000eab00000)
  object space 68608K, 55% used [0x00000000c0000000,0x00000000c255bfc8,0x00000000c4300000)
 Metaspace       used 62082K, committed 63296K, reserved 1114112K
  class space    used 6718K, committed 7232K, reserved 1048576K
}
Event: 11.448 GC heap before
{Heap before GC invocations=36 (full 3):
 PSYoungGen      total 12800K, used 12784K [0x00000000eab00000, 0x00000000ebc80000, 0x0000000100000000)
  eden space 12288K, 99% used [0x00000000eab00000,0x00000000eb6fc368,0x00000000eb700000)
  from space 512K, 100% used [0x00000000ebc00000,0x00000000ebc80000,0x00000000ebc80000)
  to   space 1536K, 0% used [0x00000000eb980000,0x00000000eb980000,0x00000000ebb00000)
 ParOldGen       total 68608K, used 38255K [0x00000000c0000000, 0x00000000c4300000, 0x00000000eab00000)
  object space 68608K, 55% used [0x00000000c0000000,0x00000000c255bfc8,0x00000000c4300000)
 Metaspace       used 62870K, committed 64128K, reserved 1114112K
  class space    used 6815K, committed 7360K, reserved 1048576K
}
Event: 11.451 GC heap after
{Heap after GC invocations=36 (full 3):
 PSYoungGen      total 13824K, used 1344K [0x00000000eab00000, 0x00000000ebc80000, 0x0000000100000000)
  eden space 12288K, 0% used [0x00000000eab00000,0x00000000eab00000,0x00000000eb700000)
  from space 1536K, 87% used [0x00000000eb980000,0x00000000ebad0000,0x00000000ebb00000)
  to   space 1536K, 0% used [0x00000000ebb00000,0x00000000ebb00000,0x00000000ebc80000)
 ParOldGen       total 68608K, used 38543K [0x00000000c0000000, 0x00000000c4300000, 0x00000000eab00000)
  object space 68608K, 56% used [0x00000000c0000000,0x00000000c25a3fc8,0x00000000c4300000)
 Metaspace       used 62870K, committed 64128K, reserved 1114112K
  class space    used 6815K, committed 7360K, reserved 1048576K
}
Event: 11.715 GC heap before
{Heap before GC invocations=37 (full 3):
 PSYoungGen      total 13824K, used 13632K [0x00000000eab00000, 0x00000000ebc80000, 0x0000000100000000)
  eden space 12288K, 100% used [0x00000000eab00000,0x00000000eb700000,0x00000000eb700000)
  from space 1536K, 87% used [0x00000000eb980000,0x00000000ebad0000,0x00000000ebb00000)
  to   space 1536K, 0% used [0x00000000ebb00000,0x00000000ebb00000,0x00000000ebc80000)
 ParOldGen       total 68608K, used 38543K [0x00000000c0000000, 0x00000000c4300000, 0x00000000eab00000)
  object space 68608K, 56% used [0x00000000c0000000,0x00000000c25a3fc8,0x00000000c4300000)
 Metaspace       used 63529K, committed 64832K, reserved 1114112K
  class space    used 6878K, committed 7424K, reserved 1048576K
}
Event: 11.717 GC heap after
{Heap after GC invocations=37 (full 3):
 PSYoungGen      total 13312K, used 837K [0x00000000eab00000, 0x00000000ebc00000, 0x0000000100000000)
  eden space 12288K, 0% used [0x00000000eab00000,0x00000000eab00000,0x00000000eb700000)
  from space 1024K, 81% used [0x00000000ebb00000,0x00000000ebbd1420,0x00000000ebc00000)
  to   space 1024K, 0% used [0x00000000eba00000,0x00000000eba00000,0x00000000ebb00000)
 ParOldGen       total 68608K, used 39344K [0x00000000c0000000, 0x00000000c4300000, 0x00000000eab00000)
  object space 68608K, 57% used [0x00000000c0000000,0x00000000c266c0f8,0x00000000c4300000)
 Metaspace       used 63529K, committed 64832K, reserved 1114112K
  class space    used 6878K, committed 7424K, reserved 1048576K
}
Event: 12.153 GC heap before
{Heap before GC invocations=38 (full 3):
 PSYoungGen      total 13312K, used 13122K [0x00000000eab00000, 0x00000000ebc00000, 0x0000000100000000)
  eden space 12288K, 99% used [0x00000000eab00000,0x00000000eb6ff488,0x00000000eb700000)
  from space 1024K, 81% used [0x00000000ebb00000,0x00000000ebbd1420,0x00000000ebc00000)
  to   space 1024K, 0% used [0x00000000eba00000,0x00000000eba00000,0x00000000ebb00000)
 ParOldGen       total 68608K, used 39344K [0x00000000c0000000, 0x00000000c4300000, 0x00000000eab00000)
  object space 68608K, 57% used [0x00000000c0000000,0x00000000c266c0f8,0x00000000c4300000)
 Metaspace       used 64985K, committed 66176K, reserved 1114112K
  class space    used 7056K, committed 7552K, reserved 1048576K
}
Event: 12.158 GC heap after
{Heap after GC invocations=38 (full 3):
 PSYoungGen      total 13312K, used 879K [0x00000000eab00000, 0x00000000ebb80000, 0x0000000100000000)
  eden space 12288K, 0% used [0x00000000eab00000,0x00000000eab00000,0x00000000eb700000)
  from space 1024K, 85% used [0x00000000eba00000,0x00000000ebadbd90,0x00000000ebb00000)
  to   space 512K, 0% used [0x00000000ebb00000,0x00000000ebb00000,0x00000000ebb80000)
 ParOldGen       total 68608K, used 40040K [0x00000000c0000000, 0x00000000c4300000, 0x00000000eab00000)
  object space 68608K, 58% used [0x00000000c0000000,0x00000000c271a0e8,0x00000000c4300000)
 Metaspace       used 64985K, committed 66176K, reserved 1114112K
  class space    used 7056K, committed 7552K, reserved 1048576K
}
Event: 12.507 GC heap before
{Heap before GC invocations=39 (full 3):
 PSYoungGen      total 13312K, used 13167K [0x00000000eab00000, 0x00000000ebb80000, 0x0000000100000000)
  eden space 12288K, 100% used [0x00000000eab00000,0x00000000eb700000,0x00000000eb700000)
  from space 1024K, 85% used [0x00000000eba00000,0x00000000ebadbd90,0x00000000ebb00000)
  to   space 512K, 0% used [0x00000000ebb00000,0x00000000ebb00000,0x00000000ebb80000)
 ParOldGen       total 68608K, used 40040K [0x00000000c0000000, 0x00000000c4300000, 0x00000000eab00000)
  object space 68608K, 58% used [0x00000000c0000000,0x00000000c271a0e8,0x00000000c4300000)
 Metaspace       used 66369K, committed 67648K, reserved 1114112K
  class space    used 7188K, committed 7744K, reserved 1048576K
}
Event: 12.510 GC heap after
{Heap after GC invocations=39 (full 3):
 PSYoungGen      total 12800K, used 480K [0x00000000eab00000, 0x00000000ebb80000, 0x0000000100000000)
  eden space 12288K, 0% used [0x00000000eab00000,0x00000000eab00000,0x00000000eb700000)
  from space 512K, 93% used [0x00000000ebb00000,0x00000000ebb78020,0x00000000ebb80000)
  to   space 1536K, 0% used [0x00000000eb880000,0x00000000eb880000,0x00000000eba00000)
 ParOldGen       total 68608K, used 40727K [0x00000000c0000000, 0x00000000c4300000, 0x00000000eab00000)
  object space 68608K, 59% used [0x00000000c0000000,0x00000000c27c5e78,0x00000000c4300000)
 Metaspace       used 66369K, committed 67648K, reserved 1114112K
  class space    used 7188K, committed 7744K, reserved 1048576K
}
Event: 12.727 GC heap before
{Heap before GC invocations=40 (full 3):
 PSYoungGen      total 12800K, used 12768K [0x00000000eab00000, 0x00000000ebb80000, 0x0000000100000000)
  eden space 12288K, 100% used [0x00000000eab00000,0x00000000eb700000,0x00000000eb700000)
  from space 512K, 93% used [0x00000000ebb00000,0x00000000ebb78020,0x00000000ebb80000)
  to   space 1536K, 0% used [0x00000000eb880000,0x00000000eb880000,0x00000000eba00000)
 ParOldGen       total 68608K, used 40727K [0x00000000c0000000, 0x00000000c4300000, 0x00000000eab00000)
  object space 68608K, 59% used [0x00000000c0000000,0x00000000c27c5e78,0x00000000c4300000)
 Metaspace       used 66900K, committed 68160K, reserved 1114112K
  class space    used 7242K, committed 7744K, reserved 1048576K
}
Event: 12.731 GC heap after
{Heap after GC invocations=40 (full 3):
 PSYoungGen      total 13824K, used 928K [0x00000000eab00000, 0x00000000ebb80000, 0x0000000100000000)
  eden space 12288K, 0% used [0x00000000eab00000,0x00000000eab00000,0x00000000eb700000)
  from space 1536K, 60% used [0x00000000eb880000,0x00000000eb968060,0x00000000eba00000)
  to   space 1024K, 0% used [0x00000000eba80000,0x00000000eba80000,0x00000000ebb80000)
 ParOldGen       total 68608K, used 40992K [0x00000000c0000000, 0x00000000c4300000, 0x00000000eab00000)
  object space 68608K, 59% used [0x00000000c0000000,0x00000000c2808028,0x00000000c4300000)
 Metaspace       used 66900K, committed 68160K, reserved 1114112K
  class space    used 7242K, committed 7744K, reserved 1048576K
}

